<?xml version="1.0" encoding="UTF-8"?>
<!-- Generated by org.testng.reporters.JUnitReportReporter -->
<testsuite hostname="Aakash" failures="0" tests="1" name="Sauce_demo_testclass.saucedemo_TC01_loginfunction" time="12.244" errors="0" timestamp="2022-05-29T23:23:45 IST" skipped="0">
  <testcase classname="Sauce_demo_testclass.saucedemo_TC01_loginfunction" name="Test_loginfunction" time="12.244"/>
  <system-out/>
</testsuite> <!-- Sauce_demo_testclass.saucedemo_TC01_loginfunction -->
